DEBUG:urllib3.connectionpool:Starting new HTTPS connection (1): min-api.cryptocompare.com:443
DEBUG:urllib3.connectionpool:https://min-api.cryptocompare.com:443 "GET /data/histohour?fsym=ZRX&tsym=USD&limit=10&api_key=1bd67a824981c5111dac94c7beca755ac6f3015ba9b60ccaa610dd700561b142 HTTP/1.1" 200 None
DEBUG:urllib3.connectionpool:Starting new HTTPS connection (1): min-api.cryptocompare.com:443
DEBUG:urllib3.connectionpool:https://min-api.cryptocompare.com:443 "GET /data/histohour?fsym=ZRX&tsym=USD&limit=2000&toTs=1551841200&api_key=1bd67a824981c5111dac94c7beca755ac6f3015ba9b60ccaa610dd700561b142 HTTP/1.1" 200 None
DEBUG:urllib3.connectionpool:Starting new HTTPS connection (1): min-api.cryptocompare.com:443
DEBUG:urllib3.connectionpool:https://min-api.cryptocompare.com:443 "GET /data/histohour?fsym=ZRX&tsym=USD&limit=2000&toTs=1544641200&api_key=1bd67a824981c5111dac94c7beca755ac6f3015ba9b60ccaa610dd700561b142 HTTP/1.1" 200 None
DEBUG:urllib3.connectionpool:Starting new HTTPS connection (1): min-api.cryptocompare.com:443
DEBUG:urllib3.connectionpool:https://min-api.cryptocompare.com:443 "GET /data/histohour?fsym=ZRX&tsym=USD&limit=2000&toTs=1537441200&api_key=1bd67a824981c5111dac94c7beca755ac6f3015ba9b60ccaa610dd700561b142 HTTP/1.1" 200 None
DEBUG:urllib3.connectionpool:Starting new HTTPS connection (1): min-api.cryptocompare.com:443
DEBUG:urllib3.connectionpool:https://min-api.cryptocompare.com:443 "GET /data/histohour?fsym=ZRX&tsym=USD&limit=2000&toTs=1530241200&api_key=1bd67a824981c5111dac94c7beca755ac6f3015ba9b60ccaa610dd700561b142 HTTP/1.1" 200 None
DEBUG:urllib3.connectionpool:Starting new HTTPS connection (1): min-api.cryptocompare.com:443
DEBUG:urllib3.connectionpool:https://min-api.cryptocompare.com:443 "GET /data/histohour?fsym=ZRX&tsym=USD&limit=2000&toTs=1523041200&api_key=1bd67a824981c5111dac94c7beca755ac6f3015ba9b60ccaa610dd700561b142 HTTP/1.1" 200 None
DEBUG:urllib3.connectionpool:Starting new HTTPS connection (1): min-api.cryptocompare.com:443
DEBUG:urllib3.connectionpool:https://min-api.cryptocompare.com:443 "GET /data/histohour?fsym=ZRX&tsym=USD&limit=2000&toTs=1515841200&api_key=1bd67a824981c5111dac94c7beca755ac6f3015ba9b60ccaa610dd700561b142 HTTP/1.1" 200 None
DEBUG:urllib3.connectionpool:Starting new HTTPS connection (1): min-api.cryptocompare.com:443
DEBUG:urllib3.connectionpool:https://min-api.cryptocompare.com:443 "GET /data/histohour?fsym=ZRX&tsym=USD&limit=2000&toTs=1508641200&api_key=1bd67a824981c5111dac94c7beca755ac6f3015ba9b60ccaa610dd700561b142 HTTP/1.1" 200 None
DEBUG:urllib3.connectionpool:Starting new HTTPS connection (1): min-api.cryptocompare.com:443
DEBUG:urllib3.connectionpool:https://min-api.cryptocompare.com:443 "GET /data/histohour?fsym=ZRX&tsym=USD&limit=10&api_key=1bd67a824981c5111dac94c7beca755ac6f3015ba9b60ccaa610dd700561b142 HTTP/1.1" 200 None
DEBUG:urllib3.connectionpool:Starting new HTTPS connection (1): min-api.cryptocompare.com:443
DEBUG:urllib3.connectionpool:https://min-api.cryptocompare.com:443 "GET /data/histohour?fsym=ZRX&tsym=USD&limit=2000&toTs=1551841200&api_key=1bd67a824981c5111dac94c7beca755ac6f3015ba9b60ccaa610dd700561b142 HTTP/1.1" 200 None
DEBUG:urllib3.connectionpool:Starting new HTTPS connection (1): min-api.cryptocompare.com:443
DEBUG:urllib3.connectionpool:https://min-api.cryptocompare.com:443 "GET /data/histohour?fsym=ZRX&tsym=USD&limit=2000&toTs=1544641200&api_key=1bd67a824981c5111dac94c7beca755ac6f3015ba9b60ccaa610dd700561b142 HTTP/1.1" 200 None
DEBUG:urllib3.connectionpool:Starting new HTTPS connection (1): min-api.cryptocompare.com:443
DEBUG:urllib3.connectionpool:https://min-api.cryptocompare.com:443 "GET /data/histohour?fsym=ZRX&tsym=USD&limit=2000&toTs=1537441200&api_key=1bd67a824981c5111dac94c7beca755ac6f3015ba9b60ccaa610dd700561b142 HTTP/1.1" 200 None
DEBUG:urllib3.connectionpool:Starting new HTTPS connection (1): min-api.cryptocompare.com:443
DEBUG:urllib3.connectionpool:https://min-api.cryptocompare.com:443 "GET /data/histohour?fsym=ZRX&tsym=USD&limit=2000&toTs=1530241200&api_key=1bd67a824981c5111dac94c7beca755ac6f3015ba9b60ccaa610dd700561b142 HTTP/1.1" 200 None
DEBUG:urllib3.connectionpool:Starting new HTTPS connection (1): min-api.cryptocompare.com:443
DEBUG:urllib3.connectionpool:https://min-api.cryptocompare.com:443 "GET /data/histohour?fsym=ZRX&tsym=USD&limit=2000&toTs=1523041200&api_key=1bd67a824981c5111dac94c7beca755ac6f3015ba9b60ccaa610dd700561b142 HTTP/1.1" 200 None
DEBUG:urllib3.connectionpool:Starting new HTTPS connection (1): min-api.cryptocompare.com:443
DEBUG:urllib3.connectionpool:https://min-api.cryptocompare.com:443 "GET /data/histohour?fsym=ZRX&tsym=USD&limit=2000&toTs=1515841200&api_key=1bd67a824981c5111dac94c7beca755ac6f3015ba9b60ccaa610dd700561b142 HTTP/1.1" 200 None
DEBUG:urllib3.connectionpool:Starting new HTTPS connection (1): min-api.cryptocompare.com:443
DEBUG:urllib3.connectionpool:https://min-api.cryptocompare.com:443 "GET /data/histohour?fsym=ZRX&tsym=USD&limit=2000&toTs=1508641200&api_key=1bd67a824981c5111dac94c7beca755ac6f3015ba9b60ccaa610dd700561b142 HTTP/1.1" 200 None
DEBUG:avro.datafile:Writing Avro data file header:
{'magic': b'Obj\x01', 'meta': {'avro.codec': b'null', 'avro.schema': b'{"type": "record", "name": "priceStream", "namespace": "io.tokenanalyst.pricestream", "fields": [{"type": "float", "name": "close"}, {"type": "float", "name": "high"}, {"type": "float", "name": "low"}, {"type": "float", "name": "open"}, {"type": "int", "name": "time"}, {"type": "float", "name": "volumefrom"}, {"type": "float", "name": "volumeto"}, {"type": "string", "name": "pair"}]}'}, 'sync': b'\xe5\xdc\xede\xce\xe7\x1a\xfc\x06\xb2\xf4e\x8cv\xdd\x83'}
Avro header schema:
{"type": "record", "name": "Header", "namespace": "org.apache.avro.file", "fields": [{"type": {"type": "fixed", "name": "magic", "namespace": "org.apache.avro.file", "size": 4}, "name": "magic"}, {"type": {"type": "map", "values": "bytes"}, "name": "meta"}, {"type": {"type": "fixed", "name": "sync", "namespace": "org.apache.avro.file", "size": 16}, "name": "sync"}]}
DEBUG:avro.datafile:Writing block with count=433 nbytes=16021 sync=b'\xe5\xdc\xede\xce\xe7\x1a\xfc\x06\xb2\xf4e\x8cv\xdd\x83'
DEBUG:avro.datafile:Writing block with count=433 nbytes=16021 sync=b'\xe5\xdc\xede\xce\xe7\x1a\xfc\x06\xb2\xf4e\x8cv\xdd\x83'
DEBUG:avro.datafile:Writing block with count=433 nbytes=16021 sync=b'\xe5\xdc\xede\xce\xe7\x1a\xfc\x06\xb2\xf4e\x8cv\xdd\x83'
DEBUG:avro.datafile:Writing block with count=433 nbytes=16021 sync=b'\xe5\xdc\xede\xce\xe7\x1a\xfc\x06\xb2\xf4e\x8cv\xdd\x83'
DEBUG:avro.datafile:Writing block with count=433 nbytes=16021 sync=b'\xe5\xdc\xede\xce\xe7\x1a\xfc\x06\xb2\xf4e\x8cv\xdd\x83'
DEBUG:avro.datafile:Writing block with count=433 nbytes=16021 sync=b'\xe5\xdc\xede\xce\xe7\x1a\xfc\x06\xb2\xf4e\x8cv\xdd\x83'
DEBUG:avro.datafile:Writing block with count=433 nbytes=16021 sync=b'\xe5\xdc\xede\xce\xe7\x1a\xfc\x06\xb2\xf4e\x8cv\xdd\x83'
DEBUG:avro.datafile:Writing block with count=433 nbytes=16021 sync=b'\xe5\xdc\xede\xce\xe7\x1a\xfc\x06\xb2\xf4e\x8cv\xdd\x83'
DEBUG:avro.datafile:Writing block with count=433 nbytes=16021 sync=b'\xe5\xdc\xede\xce\xe7\x1a\xfc\x06\xb2\xf4e\x8cv\xdd\x83'
DEBUG:avro.datafile:Writing block with count=433 nbytes=16021 sync=b'\xe5\xdc\xede\xce\xe7\x1a\xfc\x06\xb2\xf4e\x8cv\xdd\x83'
DEBUG:avro.datafile:Writing block with count=433 nbytes=16021 sync=b'\xe5\xdc\xede\xce\xe7\x1a\xfc\x06\xb2\xf4e\x8cv\xdd\x83'
DEBUG:avro.datafile:Writing block with count=433 nbytes=16021 sync=b'\xe5\xdc\xede\xce\xe7\x1a\xfc\x06\xb2\xf4e\x8cv\xdd\x83'
DEBUG:avro.datafile:Writing block with count=433 nbytes=16021 sync=b'\xe5\xdc\xede\xce\xe7\x1a\xfc\x06\xb2\xf4e\x8cv\xdd\x83'
DEBUG:avro.datafile:Writing block with count=433 nbytes=16021 sync=b'\xe5\xdc\xede\xce\xe7\x1a\xfc\x06\xb2\xf4e\x8cv\xdd\x83'
DEBUG:avro.datafile:Writing block with count=433 nbytes=16021 sync=b'\xe5\xdc\xede\xce\xe7\x1a\xfc\x06\xb2\xf4e\x8cv\xdd\x83'
DEBUG:avro.datafile:Writing block with count=433 nbytes=16021 sync=b'\xe5\xdc\xede\xce\xe7\x1a\xfc\x06\xb2\xf4e\x8cv\xdd\x83'
DEBUG:avro.datafile:Writing block with count=433 nbytes=16021 sync=b'\xe5\xdc\xede\xce\xe7\x1a\xfc\x06\xb2\xf4e\x8cv\xdd\x83'
DEBUG:avro.datafile:Writing block with count=433 nbytes=16021 sync=b'\xe5\xdc\xede\xce\xe7\x1a\xfc\x06\xb2\xf4e\x8cv\xdd\x83'
DEBUG:avro.datafile:Writing block with count=433 nbytes=16021 sync=b'\xe5\xdc\xede\xce\xe7\x1a\xfc\x06\xb2\xf4e\x8cv\xdd\x83'
DEBUG:avro.datafile:Writing block with count=433 nbytes=16021 sync=b'\xe5\xdc\xede\xce\xe7\x1a\xfc\x06\xb2\xf4e\x8cv\xdd\x83'
DEBUG:avro.datafile:Writing block with count=433 nbytes=16021 sync=b'\xe5\xdc\xede\xce\xe7\x1a\xfc\x06\xb2\xf4e\x8cv\xdd\x83'
DEBUG:avro.datafile:Writing block with count=433 nbytes=16021 sync=b'\xe5\xdc\xede\xce\xe7\x1a\xfc\x06\xb2\xf4e\x8cv\xdd\x83'
DEBUG:avro.datafile:Writing block with count=433 nbytes=16021 sync=b'\xe5\xdc\xede\xce\xe7\x1a\xfc\x06\xb2\xf4e\x8cv\xdd\x83'
DEBUG:avro.datafile:Writing block with count=433 nbytes=16021 sync=b'\xe5\xdc\xede\xce\xe7\x1a\xfc\x06\xb2\xf4e\x8cv\xdd\x83'
DEBUG:avro.datafile:Writing block with count=433 nbytes=16021 sync=b'\xe5\xdc\xede\xce\xe7\x1a\xfc\x06\xb2\xf4e\x8cv\xdd\x83'
DEBUG:avro.datafile:Writing block with count=433 nbytes=16021 sync=b'\xe5\xdc\xede\xce\xe7\x1a\xfc\x06\xb2\xf4e\x8cv\xdd\x83'
DEBUG:avro.datafile:Writing block with count=433 nbytes=16021 sync=b'\xe5\xdc\xede\xce\xe7\x1a\xfc\x06\xb2\xf4e\x8cv\xdd\x83'
DEBUG:avro.datafile:Writing block with count=433 nbytes=16021 sync=b'\xe5\xdc\xede\xce\xe7\x1a\xfc\x06\xb2\xf4e\x8cv\xdd\x83'
DEBUG:avro.datafile:Writing block with count=433 nbytes=16021 sync=b'\xe5\xdc\xede\xce\xe7\x1a\xfc\x06\xb2\xf4e\x8cv\xdd\x83'
DEBUG:avro.datafile:Writing block with count=433 nbytes=16021 sync=b'\xe5\xdc\xede\xce\xe7\x1a\xfc\x06\xb2\xf4e\x8cv\xdd\x83'
DEBUG:avro.datafile:Writing block with count=433 nbytes=16021 sync=b'\xe5\xdc\xede\xce\xe7\x1a\xfc\x06\xb2\xf4e\x8cv\xdd\x83'
DEBUG:avro.datafile:Writing block with count=433 nbytes=16021 sync=b'\xe5\xdc\xede\xce\xe7\x1a\xfc\x06\xb2\xf4e\x8cv\xdd\x83'
